TN:
SF:scripts/carousel.js
FN:2,pop
FN:28,setNumber
FN:40,changeSlide
FN:59,hidehint
FNF:4
FNH:1
FNDA:0,pop
FNDA:7,setNumber
FNDA:0,changeSlide
FNDA:0,hidehint
DA:1,1
DA:2,0
DA:3,0
DA:4,0
DA:5,0
DA:6,0
DA:7,0
DA:8,0
DA:9,0
DA:10,0
DA:11,0
DA:12,0
DA:13,1
DA:14,1
DA:15,1
DA:16,1
DA:17,1
DA:18,1
DA:19,1
DA:20,1
DA:21,1
DA:22,1
DA:23,1
DA:24,1
DA:25,1
DA:26,1
DA:27,1
DA:28,7
DA:29,7
DA:30,2
DA:31,2
DA:32,7
DA:33,7
DA:34,2
DA:35,2
DA:36,7
DA:37,7
DA:38,7
DA:39,1
DA:40,0
DA:41,0
DA:42,0
DA:43,0
DA:44,0
DA:45,0
DA:46,0
DA:47,0
DA:48,0
DA:49,0
DA:50,0
DA:51,1
DA:52,1
DA:53,1
DA:54,0
DA:55,0
DA:56,1
DA:57,1
DA:58,1
DA:59,0
DA:60,0
DA:61,0
DA:62,1
DA:63,1
LF:63
LH:36
BRDA:28,0,0,7
BRDA:29,1,0,2
BRDA:33,2,0,2
BRF:3
BRH:3
end_of_record
TN:
SF:scripts/coockie-handler.js
FN:1,setCookie
FN:11,getCookie
FN:22,eraseCookie
FN:27,refreshPage
FNF:4
FNH:1
FNDA:0,setCookie
FNDA:2,getCookie
FNDA:0,eraseCookie
FNDA:0,refreshPage
DA:1,0
DA:2,0
DA:3,0
DA:4,0
DA:5,0
DA:6,0
DA:7,0
DA:8,0
DA:9,0
DA:10,1
DA:11,2
DA:12,2
DA:13,2
DA:14,2
DA:15,2
DA:16,2
DA:17,2
DA:18,2
DA:19,2
DA:20,2
DA:21,1
DA:22,0
DA:23,0
DA:24,0
DA:25,1
DA:26,1
DA:27,0
DA:28,0
DA:29,0
DA:30,1
DA:31,1
DA:32,1
DA:33,0
DA:34,0
DA:35,0
DA:36,1
DA:37,1
DA:38,1
DA:39,1
LF:39
LH:21
BRDA:32,0,0,0
BRDA:32,1,0,0
BRDA:11,2,0,2
BRDA:16,3,0,0
BRDA:17,4,0,0
BRF:5
BRH:1
end_of_record
